<?xml version="1.0" encoding="UTF-8"?>
<!-- Generated by org.testng.reporters.JUnitReportReporter -->
<testsuite hostname="DESKTOP-CJ2TM4F" failures="0" tests="1" name="vtiger.DeleteContact" time="8.587" errors="0" timestamp="2024-01-03T22:24:25 IST" skipped="0">
  <testcase classname="vtiger.DeleteContact" name="contactDelete" time="8.587">
    <system-out>
      <![CDATA[ test Strated contactDelete
 test finished  contactDelete]]>
    </system-out>
  </testcase> <!-- contactDelete -->
  <system-out>
    <![CDATA[ JDBC connected 
 project Strated Test
 test Strated contactDelete
 test finished  contactDelete]]>
  </system-out>
</testsuite> <!-- vtiger.DeleteContact -->
