<?xml version="1.0" encoding="UTF-8"?>
<!-- Generated by org.testng.reporters.JUnitReportReporter -->
<testsuite hostname="DESKTOP-CJ2TM4F" failures="0" tests="4" name="com.vtiger.genericLibrery.DataProviderMultipleData" time="0.012" errors="0" timestamp="2023-12-29T23:03:18 IST" skipped="0">
  <testcase classname="com.vtiger.genericLibrery.DataProviderMultipleData" name="data1" time="0.007"/>
  <testcase classname="com.vtiger.genericLibrery.DataProviderMultipleData" name="data1" time="0.002"/>
  <testcase classname="com.vtiger.genericLibrery.DataProviderMultipleData" name="data1" time="0.002"/>
  <testcase classname="com.vtiger.genericLibrery.DataProviderMultipleData" name="data1" time="0.001"/>
</testsuite> <!-- com.vtiger.genericLibrery.DataProviderMultipleData -->
