<?xml version="1.0" encoding="UTF-8"?>
<!-- Generated by org.testng.reporters.JUnitReportReporter -->
<testsuite hostname="DESKTOP-CJ2TM4F" failures="0" tests="3" name="vtiger.Edit" time="51.089" errors="0" timestamp="2024-01-02T21:18:17 IST" skipped="0">
  <testcase classname="vtiger.Edit" name="contactEdit" time="16.272">
    <system-out>
      <![CDATA[ Test has Started contactEdit
 Test has Successed contactEdit]]>
    </system-out>
  </testcase> <!-- contactEdit -->
  <testcase classname="vtiger.Edit" name="contactEdit" time="18.176">
    <system-out>
      <![CDATA[ Test has Started contactEdit
 Test has Successed contactEdit]]>
    </system-out>
  </testcase> <!-- contactEdit -->
  <testcase classname="vtiger.Edit" name="contactEdit" time="16.641">
    <system-out>
      <![CDATA[ Test has Started contactEdit
 Test has Successed contactEdit]]>
    </system-out>
  </testcase> <!-- contactEdit -->
  <system-out>
    <![CDATA[ JDBC connected 
 project has Started Test1
 Test has Started contactEdit
 Test has Successed contactEdit
 project has finished Test1
 project has Started Test2
 Test has Started contactEdit
 Test has Successed contactEdit
 project has finished Test2
 project has Started Test3
 Test has Started contactEdit
 Test has Successed contactEdit]]>
  </system-out>
</testsuite> <!-- vtiger.Edit -->
