<?xml version="1.0" encoding="UTF-8"?>
<!-- Generated by org.testng.reporters.JUnitReportReporter -->
<testsuite hostname="DESKTOP-CJ2TM4F" failures="0" tests="1" name="com.vtiger.genericLibrery.JavaUtilityClass" time="0.020" errors="0" timestamp="2024-01-03T19:25:54 IST" skipped="0">
  <testcase classname="com.vtiger.genericLibrery.JavaUtilityClass" name="m1" time="0.020"/>
</testsuite> <!-- com.vtiger.genericLibrery.JavaUtilityClass -->
